<?xml version="1.0" encoding="UTF-8"?>
<!-- Generated by org.testng.reporters.JUnitXMLReporter -->
<testsuite hostname="gnanendra-PC" name="Test" tests="7" failures="1" timestamp="13 Jun 2018 05:17:48 GMT" time="18.029" errors="0">
  <testcase name="method1" time="0.007" classname="Testcases.TestA"/>
  <testcase name="method2" time="0.053" classname="Testcases.TestA">
    <failure type="java.lang.AssertionError" message="expected [true] but found [false]">
      <![CDATA[java.lang.AssertionError: expected [true] but found [false]
	at Testcases.TestA.method2(TestA.java:23)
... Removed 29 stack frames]]>
    </failure>
  </testcase> <!-- method2 -->
  <testcase name="method3" time="0.002" classname="Testcases.TestA"/>
  <testcase name="method1" time="0.001" classname="Testcases.TestB"/>
  <testcase name="method2" time="0.003" classname="Testcases.TestB"/>
  <testcase name="method3" time="0.0" classname="Testcases.TestB">
    <skipped/>
  </testcase> <!-- method3 -->
  <testcase name="method4" time="0.003" classname="Testcases.TestB">
    <skipped/>
  </testcase> <!-- method4 -->
</testsuite> <!-- Test -->
