<?xml version="1.0" encoding="UTF-8"?>
<!-- Generated by org.testng.reporters.JUnitXMLReporter -->
<testsuite hostname="gnanendra-PC" name="Default test" tests="1" failures="1" timestamp="14 Aug 2018 13:58:13 GMT" time="0.242" errors="0">
  <testcase name="main" time="0.212" classname="Testcases.Methods">
    <failure type="java.lang.StackOverflowError">
      <![CDATA[java.lang.StackOverflowError
	at java.io.FileOutputStream.write(FileOutputStream.java:326)
	at java.io.BufferedOutputStream.flushBuffer(BufferedOutputStream.java:82)
	at java.io.BufferedOutputStream.flush(BufferedOutputStream.java:140)
	at java.io.PrintStream.write(PrintStream.java:482)
	at sun.nio.cs.StreamEncoder.writeBytes(StreamEncoder.java:221)
	at sun.nio.cs.StreamEncoder.implFlushBuffer(StreamEncoder.java:291)
	at sun.nio.cs.StreamEncoder.flushBuffer(StreamEncoder.java:104)
	at java.io.OutputStreamWriter.flushBuffer(OutputStreamWriter.java:185)
	at java.io.PrintStream.write(PrintStream.java:527)
	at java.io.PrintStream.print(PrintStream.java:597)
	at java.io.PrintStream.println(PrintStream.java:736)
	at Testcases.Methods.generateRandom(Methods.java:276)
	at Testcases.Methods.generateRandom(Methods.java:278)
	at Testcases.Methods.generateRandom(Methods.java:278)
	at Testcases.Methods.generateRandom(Methods.java:278)
	at Testcases.Methods.generateRandom(Methods.java:278)
	at Testcases.Methods.generateRandom(Methods.java:278)
	at Testcases.Methods.generateRandom(Methods.java:278)
	at Testcases.Methods.generateRandom(Methods.java:278)
	at Testcases.Methods.generateRandom(Methods.java:278)
	at Testcases.Methods.generateRandom(Methods.java:278)
	at Testcases.Methods.generateRandom(Methods.java:278)
	at Testcases.Methods.generateRandom(Methods.java:278)
	at Testcases.Methods.generateRandom(Methods.java:278)
	at Testcases.Methods.generateRandom(Methods.java:278)
	at Testcases.Methods.generateRandom(Methods.java:278)
	at Testcases.Methods.generateRandom(Methods.java:278)
	at Testcases.Methods.generateRandom(Methods.java:278)
	at Testcases.Methods.generateRandom(Methods.java:278)
	at Testcases.Methods.generateRandom(Methods.java:278)
	at Testcases.Methods.generateRandom(Methods.java:278)
	at Testcases.Methods.generateRandom(Methods.java:278)
	at Testcases.Methods.generateRandom(Methods.java:278)
	at Testcases.Methods.generateRandom(Methods.java:278)
	at Testcases.Methods.generateRandom(Methods.java:278)
	at Testcases.Methods.generateRandom(Methods.java:278)
	at Testcases.Methods.generateRandom(Methods.java:278)
	at Testcases.Methods.generateRandom(Methods.java:278)
	at Testcases.Methods.generateRandom(Methods.java:278)
	at Testcases.Methods.generateRandom(Methods.java:278)
	at Testcases.Methods.generateRandom(Methods.java:278)
	at Testcases.Methods.generateRandom(Methods.java:278)
	at Testcases.Methods.generateRandom(Methods.java:278)
	at Testcases.Methods.generateRandom(Methods.java:278)
	at Testcases.Methods.generateRandom(Methods.java:278)
	at Testcases.Methods.generateRandom(Methods.java:278)
	at Testcases.Methods.generateRandom(Methods.java:278)
	at Testcases.Methods.generateRandom(Methods.java:278)
	at Testcases.Methods.generateRandom(Methods.java:278)
	at Testcases.Methods.generateRandom(Methods.java:278)
	at Testcases.Methods.generateRandom(Methods.java:278)
	at Testcases.Methods.generateRandom(Methods.java:278)
	at Testcases.Methods.generateRandom(Methods.java:278)
	at Testcases.Methods.generateRandom(Methods.java:278)
	at Testcases.Methods.generateRandom(Methods.java:278)
	at Testcases.Methods.generateRandom(Methods.java:278)
	at Testcases.Methods.generateRandom(Methods.java:278)
	at Testcases.Methods.generateRandom(Methods.java:278)
	at Testcases.Methods.generateRandom(Methods.java:278)
	at Testcases.Methods.generateRandom(Methods.java:278)
	at Testcases.Methods.generateRandom(Methods.java:278)
	at Testcases.Methods.generateRandom(Methods.java:278)
	at Testcases.Methods.generateRandom(Methods.java:278)
	at Testcases.Methods.generateRandom(Methods.java:278)
	at Testcases.Methods.generateRandom(Methods.java:278)
	at Testcases.Methods.generateRandom(Methods.java:278)
	at Testcases.Methods.generateRandom(Methods.java:278)
	at Testcases.Methods.generateRandom(Methods.java:278)
	at Testcases.Methods.generateRandom(Methods.java:278)
	at Testcases.Methods.generateRandom(Methods.java:278)
	at Testcases.Methods.generateRandom(Methods.java:278)
	at Testcases.Methods.generateRandom(Methods.java:278)
	at Testcases.Methods.generateRandom(Methods.java:278)
	at Testcases.Methods.generateRandom(Methods.java:278)
	at Testcases.Methods.generateRandom(Methods.java:278)
	at Testcases.Methods.generateRandom(Methods.java:278)
	at Testcases.Methods.generateRandom(Methods.java:278)
	at Testcases.Methods.generateRandom(Methods.java:278)
	at Testcases.Methods.generateRandom(Methods.java:278)
	at Testcases.Methods.generateRandom(Methods.java:278)
	at Testcases.Methods.generateRandom(Methods.java:278)
	at Testcases.Methods.generateRandom(Methods.java:278)
	at Testcases.Methods.generateRandom(Methods.java:278)
	at Testcases.Methods.generateRandom(Methods.java:278)
	at Testcases.Methods.generateRandom(Methods.java:278)
	at Testcases.Methods.generateRandom(Methods.java:278)
	at Testcases.Methods.generateRandom(Methods.java:278)
	at Testcases.Methods.generateRandom(Methods.java:278)
	at Testcases.Methods.generateRandom(Methods.java:278)
	at Testcases.Methods.generateRandom(Methods.java:278)
	at Testcases.Methods.generateRandom(Methods.java:278)
	at Testcases.Methods.generateRandom(Methods.java:278)
	at Testcases.Methods.generateRandom(Methods.java:278)
	at Testcases.Methods.generateRandom(Methods.java:278)
	at Testcases.Methods.generateRandom(Methods.java:278)
	at Testcases.Methods.generateRandom(Methods.java:278)
	at Testcases.Methods.generateRandom(Methods.java:278)
	at Testcases.Methods.generateRandom(Methods.java:278)
	at Testcases.Methods.generateRandom(Methods.java:278)
	at Testcases.Methods.generateRandom(Methods.java:278)
	at Testcases.Methods.generateRandom(Methods.java:278)
	at Testcases.Methods.generateRandom(Methods.java:278)
	at Testcases.Methods.generateRandom(Methods.java:278)
	at Testcases.Methods.generateRandom(Methods.java:278)
	at Testcases.Methods.generateRandom(Methods.java:278)
	at Testcases.Methods.generateRandom(Methods.java:278)
	at Testcases.Methods.generateRandom(Methods.java:278)
	at Testcases.Methods.generateRandom(Methods.java:278)
	at Testcases.Methods.generateRandom(Methods.java:278)
	at Testcases.Methods.generateRandom(Methods.java:278)
	at Testcases.Methods.generateRandom(Methods.java:278)
	at Testcases.Methods.generateRandom(Methods.java:278)
	at Testcases.Methods.generateRandom(Methods.java:278)
	at Testcases.Methods.generateRandom(Methods.java:278)
	at Testcases.Methods.generateRandom(Methods.java:278)
	at Testcases.Methods.generateRandom(Methods.java:278)
	at Testcases.Methods.generateRandom(Methods.java:278)
	at Testcases.Methods.generateRandom(Methods.java:278)
	at Testcases.Methods.generateRandom(Methods.java:278)
	at Testcases.Methods.generateRandom(Methods.java:278)
	at Testcases.Methods.generateRandom(Methods.java:278)
	at Testcases.Methods.generateRandom(Methods.java:278)
	at Testcases.Methods.generateRandom(Methods.java:278)
	at Testcases.Methods.generateRandom(Methods.java:278)
	at Testcases.Methods.generateRandom(Methods.java:278)
	at Testcases.Methods.generateRandom(Methods.java:278)
	at Testcases.Methods.generateRandom(Methods.java:278)
	at Testcases.Methods.generateRandom(Methods.java:278)
	at Testcases.Methods.generateRandom(Methods.java:278)
	at Testcases.Methods.generateRandom(Methods.java:278)
	at Testcases.Methods.generateRandom(Methods.java:278)
	at Testcases.Methods.generateRandom(Methods.java:278)
	at Testcases.Methods.generateRandom(Methods.java:278)
	at Testcases.Methods.generateRandom(Methods.java:278)
	at Testcases.Methods.generateRandom(Methods.java:278)
	at Testcases.Methods.generateRandom(Methods.java:278)
	at Testcases.Methods.generateRandom(Methods.java:278)
	at Testcases.Methods.generateRandom(Methods.java:278)
	at Testcases.Methods.generateRandom(Methods.java:278)
	at Testcases.Methods.generateRandom(Methods.java:278)
	at Testcases.Methods.generateRandom(Methods.java:278)
	at Testcases.Methods.generateRandom(Methods.java:278)
	at Testcases.Methods.generateRandom(Methods.java:278)
	at Testcases.Methods.generateRandom(Methods.java:278)
	at Testcases.Methods.generateRandom(Methods.java:278)
	at Testcases.Methods.generateRandom(Methods.java:278)
	at Testcases.Methods.generateRandom(Methods.java:278)
	at Testcases.Methods.generateRandom(Methods.java:278)
	at Testcases.Methods.generateRandom(Methods.java:278)
	at Testcases.Methods.generateRandom(Methods.java:278)
	at Testcases.Methods.generateRandom(Methods.java:278)
	at Testcases.Methods.generateRandom(Methods.java:278)
	at Testcases.Methods.generateRandom(Methods.java:278)
	at Testcases.Methods.generateRandom(Methods.java:278)
	at Testcases.Methods.generateRandom(Methods.java:278)
	at Testcases.Methods.generateRandom(Methods.java:278)
	at Testcases.Methods.generateRandom(Methods.java:278)
	at Testcases.Methods.generateRandom(Methods.java:278)
	at Testcases.Methods.generateRandom(Methods.java:278)
	at Testcases.Methods.generateRandom(Methods.java:278)
	at Testcases.Methods.generateRandom(Methods.java:278)
	at Testcases.Methods.generateRandom(Methods.java:278)
	at Testcases.Methods.generateRandom(Methods.java:278)
	at Testcases.Methods.generateRandom(Methods.java:278)
	at Testcases.Methods.generateRandom(Methods.java:278)
	at Testcases.Methods.generateRandom(Methods.java:278)
	at Testcases.Methods.generateRandom(Methods.java:278)
	at Testcases.Methods.generateRandom(Methods.java:278)
	at Testcases.Methods.generateRandom(Methods.java:278)
	at Testcases.Methods.generateRandom(Methods.java:278)
	at Testcases.Methods.generateRandom(Methods.java:278)
	at Testcases.Methods.generateRandom(Methods.java:278)
	at Testcases.Methods.generateRandom(Methods.java:278)
	at Testcases.Methods.generateRandom(Methods.java:278)
	at Testcases.Methods.generateRandom(Methods.java:278)
	at Testcases.Methods.generateRandom(Methods.java:278)
	at Testcases.Methods.generateRandom(Methods.java:278)
	at Testcases.Methods.generateRandom(Methods.java:278)
	at Testcases.Methods.generateRandom(Methods.java:278)
	at Testcases.Methods.generateRandom(Methods.java:278)
	at Testcases.Methods.generateRandom(Methods.java:278)
	at Testcases.Methods.generateRandom(Methods.java:278)
	at Testcases.Methods.generateRandom(Methods.java:278)
	at Testcases.Methods.generateRandom(Methods.java:278)
	at Testcases.Methods.generateRandom(Methods.java:278)
	at Testcases.Methods.generateRandom(Methods.java:278)
	at Testcases.Methods.generateRandom(Methods.java:278)
	at Testcases.Methods.generateRandom(Methods.java:278)
	at Testcases.Methods.generateRandom(Methods.java:278)
	at Testcases.Methods.generateRandom(Methods.java:278)
	at Testcases.Methods.generateRandom(Methods.java:278)
	at Testcases.Methods.generateRandom(Methods.java:278)
	at Testcases.Methods.generateRandom(Methods.java:278)
	at Testcases.Methods.generateRandom(Methods.java:278)
	at Testcases.Methods.generateRandom(Methods.java:278)
	at Testcases.Methods.generateRandom(Methods.java:278)
	at Testcases.Methods.generateRandom(Methods.java:278)
	at Testcases.Methods.generateRandom(Methods.java:278)
	at Testcases.Methods.generateRandom(Methods.java:278)
	at Testcases.Methods.generateRandom(Methods.java:278)
	at Testcases.Methods.generateRandom(Methods.java:278)
	at Testcases.Methods.generateRandom(Methods.java:278)
	at Testcases.Methods.generateRandom(Methods.java:278)
	at Testcases.Methods.generateRandom(Methods.java:278)
	at Testcases.Methods.generateRandom(Methods.java:278)
	at Testcases.Methods.generateRandom(Methods.java:278)
	at Testcases.Methods.generateRandom(Methods.java:278)
	at Testcases.Methods.generateRandom(Methods.java:278)
	at Testcases.Methods.generateRandom(Methods.java:278)
	at Testcases.Methods.generateRandom(Methods.java:278)
	at Testcases.Methods.generateRandom(Methods.java:278)
	at Testcases.Methods.generateRandom(Methods.java:278)
	at Testcases.Methods.generateRandom(Methods.java:278)
	at Testcases.Methods.generateRandom(Methods.java:278)
	at Testcases.Methods.generateRandom(Methods.java:278)
	at Testcases.Methods.generateRandom(Methods.java:278)
	at Testcases.Methods.generateRandom(Methods.java:278)
	at Testcases.Methods.generateRandom(Methods.java:278)
	at Testcases.Methods.generateRandom(Methods.java:278)
	at Testcases.Methods.generateRandom(Methods.java:278)
	at Testcases.Methods.generateRandom(Methods.java:278)
	at Testcases.Methods.generateRandom(Methods.java:278)
	at Testcases.Methods.generateRandom(Methods.java:278)
	at Testcases.Methods.generateRandom(Methods.java:278)
	at Testcases.Methods.generateRandom(Methods.java:278)
	at Testcases.Methods.generateRandom(Methods.java:278)
	at Testcases.Methods.generateRandom(Methods.java:278)
	at Testcases.Methods.generateRandom(Methods.java:278)
	at Testcases.Methods.generateRandom(Methods.java:278)
	at Testcases.Methods.generateRandom(Methods.java:278)
	at Testcases.Methods.generateRandom(Methods.java:278)
	at Testcases.Methods.generateRandom(Methods.java:278)
	at Testcases.Methods.generateRandom(Methods.java:278)
	at Testcases.Methods.generateRandom(Methods.java:278)
	at Testcases.Methods.generateRandom(Methods.java:278)
	at Testcases.Methods.generateRandom(Methods.java:278)
	at Testcases.Methods.generateRandom(Methods.java:278)
	at Testcases.Methods.generateRandom(Methods.java:278)
	at Testcases.Methods.generateRandom(Methods.java:278)
	at Testcases.Methods.generateRandom(Methods.java:278)
	at Testcases.Methods.generateRandom(Methods.java:278)
	at Testcases.Methods.generateRandom(Methods.java:278)
	at Testcases.Methods.generateRandom(Methods.java:278)
	at Testcases.Methods.generateRandom(Methods.java:278)
	at Testcases.Methods.generateRandom(Methods.java:278)
	at Testcases.Methods.generateRandom(Methods.java:278)
	at Testcases.Methods.generateRandom(Methods.java:278)
	at Testcases.Methods.generateRandom(Methods.java:278)
	at Testcases.Methods.generateRandom(Methods.java:278)
	at Testcases.Methods.generateRandom(Methods.java:278)
	at Testcases.Methods.generateRandom(Methods.java:278)
	at Testcases.Methods.generateRandom(Methods.java:278)
	at Testcases.Methods.generateRandom(Methods.java:278)
	at Testcases.Methods.generateRandom(Methods.java:278)
	at Testcases.Methods.generateRandom(Methods.java:278)
	at Testcases.Methods.generateRandom(Methods.java:278)
	at Testcases.Methods.generateRandom(Methods.java:278)
	at Testcases.Methods.generateRandom(Methods.java:278)
	at Testcases.Methods.generateRandom(Methods.java:278)
	at Testcases.Methods.generateRandom(Methods.java:278)
	at Testcases.Methods.generateRandom(Methods.java:278)
	at Testcases.Methods.generateRandom(Methods.java:278)
	at Testcases.Methods.generateRandom(Methods.java:278)
	at Testcases.Methods.generateRandom(Methods.java:278)
	at Testcases.Methods.generateRandom(Methods.java:278)
	at Testcases.Methods.generateRandom(Methods.java:278)
	at Testcases.Methods.generateRandom(Methods.java:278)
	at Testcases.Methods.generateRandom(Methods.java:278)
	at Testcases.Methods.generateRandom(Methods.java:278)
	at Testcases.Methods.generateRandom(Methods.java:278)
	at Testcases.Methods.generateRandom(Methods.java:278)
	at Testcases.Methods.generateRandom(Methods.java:278)
	at Testcases.Methods.generateRandom(Methods.java:278)
	at Testcases.Methods.generateRandom(Methods.java:278)
	at Testcases.Methods.generateRandom(Methods.java:278)
	at Testcases.Methods.generateRandom(Methods.java:278)
	at Testcases.Methods.generateRandom(Methods.java:278)
	at Testcases.Methods.generateRandom(Methods.java:278)
	at Testcases.Methods.generateRandom(Methods.java:278)
	at Testcases.Methods.generateRandom(Methods.java:278)
	at Testcases.Methods.generateRandom(Methods.java:278)
	at Testcases.Methods.generateRandom(Methods.java:278)
	at Testcases.Methods.generateRandom(Methods.java:278)
	at Testcases.Methods.generateRandom(Methods.java:278)
	at Testcases.Methods.generateRandom(Methods.java:278)
	at Testcases.Methods.generateRandom(Methods.java:278)
	at Testcases.Methods.generateRandom(Methods.java:278)
	at Testcases.Methods.generateRandom(Methods.java:278)
	at Testcases.Methods.generateRandom(Methods.java:278)
	at Testcases.Methods.generateRandom(Methods.java:278)
	at Testcases.Methods.generateRandom(Methods.java:278)
	at Testcases.Methods.generateRandom(Methods.java:278)
	at Testcases.Methods.generateRandom(Methods.java:278)
	at Testcases.Methods.generateRandom(Methods.java:278)
	at Testcases.Methods.generateRandom(Methods.java:278)
	at Testcases.Methods.generateRandom(Methods.java:278)
	at Testcases.Methods.generateRandom(Methods.java:278)
	at Testcases.Methods.generateRandom(Methods.java:278)
	at Testcases.Methods.generateRandom(Methods.java:278)
	at Testcases.Methods.generateRandom(Methods.java:278)
	at Testcases.Methods.generateRandom(Methods.java:278)
	at Testcases.Methods.generateRandom(Methods.java:278)
	at Testcases.Methods.generateRandom(Methods.java:278)
	at Testcases.Methods.generateRandom(Methods.java:278)
	at Testcases.Methods.generateRandom(Methods.java:278)
	at Testcases.Methods.generateRandom(Methods.java:278)
	at Testcases.Methods.generateRandom(Methods.java:278)
	at Testcases.Methods.generateRandom(Methods.java:278)
	at Testcases.Methods.generateRandom(Methods.java:278)
	at Testcases.Methods.generateRandom(Methods.java:278)
	at Testcases.Methods.generateRandom(Methods.java:278)
	at Testcases.Methods.generateRandom(Methods.java:278)
	at Testcases.Methods.generateRandom(Methods.java:278)
	at Testcases.Methods.generateRandom(Methods.java:278)
	at Testcases.Methods.generateRandom(Methods.java:278)
	at Testcases.Methods.generateRandom(Methods.java:278)
	at Testcases.Methods.generateRandom(Methods.java:278)
	at Testcases.Methods.generateRandom(Methods.java:278)
	at Testcases.Methods.generateRandom(Methods.java:278)
	at Testcases.Methods.generateRandom(Methods.java:278)
	at Testcases.Methods.generateRandom(Methods.java:278)
	at Testcases.Methods.generateRandom(Methods.java:278)
	at Testcases.Methods.generateRandom(Methods.java:278)
	at Testcases.Methods.generateRandom(Methods.java:278)
	at Testcases.Methods.generateRandom(Methods.java:278)
	at Testcases.Methods.generateRandom(Methods.java:278)
	at Testcases.Methods.generateRandom(Methods.java:278)
	at Testcases.Methods.generateRandom(Methods.java:278)
	at Testcases.Methods.generateRandom(Methods.java:278)
	at Testcases.Methods.generateRandom(Methods.java:278)
	at Testcases.Methods.generateRandom(Methods.java:278)
	at Testcases.Methods.generateRandom(Methods.java:278)
	at Testcases.Methods.generateRandom(Methods.java:278)
	at Testcases.Methods.generateRandom(Methods.java:278)
	at Testcases.Methods.generateRandom(Methods.java:278)
	at Testcases.Methods.generateRandom(Methods.java:278)
	at Testcases.Methods.generateRandom(Methods.java:278)
	at Testcases.Methods.generateRandom(Methods.java:278)
	at Testcases.Methods.generateRandom(Methods.java:278)
	at Testcases.Methods.generateRandom(Methods.java:278)
	at Testcases.Methods.generateRandom(Methods.java:278)
	at Testcases.Methods.generateRandom(Methods.java:278)
	at Testcases.Methods.generateRandom(Methods.java:278)
	at Testcases.Methods.generateRandom(Methods.java:278)
	at Testcases.Methods.generateRandom(Methods.java:278)
	at Testcases.Methods.generateRandom(Methods.java:278)
	at Testcases.Methods.generateRandom(Methods.java:278)
	at Testcases.Methods.generateRandom(Methods.java:278)
	at Testcases.Methods.generateRandom(Methods.java:278)
	at Testcases.Methods.generateRandom(Methods.java:278)
	at Testcases.Methods.generateRandom(Methods.java:278)
	at Testcases.Methods.generateRandom(Methods.java:278)
	at Testcases.Methods.generateRandom(Methods.java:278)
	at Testcases.Methods.generateRandom(Methods.java:278)
	at Testcases.Methods.generateRandom(Methods.java:278)
	at Testcases.Methods.generateRandom(Methods.java:278)
	at Testcases.Methods.generateRandom(Methods.java:278)
	at Testcases.Methods.generateRandom(Methods.java:278)
	at Testcases.Methods.generateRandom(Methods.java:278)
	at Testcases.Methods.generateRandom(Methods.java:278)
	at Testcases.Methods.generateRandom(Methods.java:278)
	at Testcases.Methods.generateRandom(Methods.java:278)
	at Testcases.Methods.generateRandom(Methods.java:278)
	at Testcases.Methods.generateRandom(Methods.java:278)
	at Testcases.Methods.generateRandom(Methods.java:278)
	at Testcases.Methods.generateRandom(Methods.java:278)
	at Testcases.Methods.generateRandom(Methods.java:278)
	at Testcases.Methods.generateRandom(Methods.java:278)
	at Testcases.Methods.generateRandom(Methods.java:278)
	at Testcases.Methods.generateRandom(Methods.java:278)
	at Testcases.Methods.generateRandom(Methods.java:278)
	at Testcases.Methods.generateRandom(Methods.java:278)
	at Testcases.Methods.generateRandom(Methods.java:278)
	at Testcases.Methods.generateRandom(Methods.java:278)
	at Testcases.Methods.generateRandom(Methods.java:278)
	at Testcases.Methods.generateRandom(Methods.java:278)
	at Testcases.Methods.generateRandom(Methods.java:278)
	at Testcases.Methods.generateRandom(Methods.java:278)
	at Testcases.Methods.generateRandom(Methods.java:278)
	at Testcases.Methods.generateRandom(Methods.java:278)
	at Testcases.Methods.generateRandom(Methods.java:278)
	at Testcases.Methods.generateRandom(Methods.java:278)
	at Testcases.Methods.generateRandom(Methods.java:278)
	at Testcases.Methods.generateRandom(Methods.java:278)
	at Testcases.Methods.generateRandom(Methods.java:278)
	at Testcases.Methods.generateRandom(Methods.java:278)
	at Testcases.Methods.generateRandom(Methods.java:278)
	at Testcases.Methods.generateRandom(Methods.java:278)
	at Testcases.Methods.generateRandom(Methods.java:278)
	at Testcases.Methods.generateRandom(Methods.java:278)
	at Testcases.Methods.generateRandom(Methods.java:278)
	at Testcases.Methods.generateRandom(Methods.java:278)
	at Testcases.Methods.generateRandom(Methods.java:278)
	at Testcases.Methods.generateRandom(Methods.java:278)
	at Testcases.Methods.generateRandom(Methods.java:278)
	at Testcases.Methods.generateRandom(Methods.java:278)
	at Testcases.Methods.generateRandom(Methods.java:278)
	at Testcases.Methods.generateRandom(Methods.java:278)
	at Testcases.Methods.generateRandom(Methods.java:278)
	at Testcases.Methods.generateRandom(Methods.java:278)
	at Testcases.Methods.generateRandom(Methods.java:278)
	at Testcases.Methods.generateRandom(Methods.java:278)
	at Testcases.Methods.generateRandom(Methods.java:278)
	at Testcases.Methods.generateRandom(Methods.java:278)
	at Testcases.Methods.generateRandom(Methods.java:278)
	at Testcases.Methods.generateRandom(Methods.java:278)
	at Testcases.Methods.generateRandom(Methods.java:278)
	at Testcases.Methods.generateRandom(Methods.java:278)
	at Testcases.Methods.generateRandom(Methods.java:278)
	at Testcases.Methods.generateRandom(Methods.java:278)
	at Testcases.Methods.generateRandom(Methods.java:278)
	at Testcases.Methods.generateRandom(Methods.java:278)
	at Testcases.Methods.generateRandom(Methods.java:278)
	at Testcases.Methods.generateRandom(Methods.java:278)
	at Testcases.Methods.generateRandom(Methods.java:278)
	at Testcases.Methods.generateRandom(Methods.java:278)
	at Testcases.Methods.generateRandom(Methods.java:278)
	at Testcases.Methods.generateRandom(Methods.java:278)
	at Testcases.Methods.generateRandom(Methods.java:278)
	at Testcases.Methods.generateRandom(Methods.java:278)
	at Testcases.Methods.generateRandom(Methods.java:278)
	at Testcases.Methods.generateRandom(Methods.java:278)
	at Testcases.Methods.generateRandom(Methods.java:278)
	at Testcases.Methods.generateRandom(Methods.java:278)
	at Testcases.Methods.generateRandom(Methods.java:278)
	at Testcases.Methods.generateRandom(Methods.java:278)
	at Testcases.Methods.generateRandom(Methods.java:278)
	at Testcases.Methods.generateRandom(Methods.java:278)
	at Testcases.Methods.generateRandom(Methods.java:278)
	at Testcases.Methods.generateRandom(Methods.java:278)
	at Testcases.Methods.generateRandom(Methods.java:278)
	at Testcases.Methods.generateRandom(Methods.java:278)
	at Testcases.Methods.generateRandom(Methods.java:278)
	at Testcases.Methods.generateRandom(Methods.java:278)
	at Testcases.Methods.generateRandom(Methods.java:278)
	at Testcases.Methods.generateRandom(Methods.java:278)
	at Testcases.Methods.generateRandom(Methods.java:278)
	at Testcases.Methods.generateRandom(Methods.java:278)
	at Testcases.Methods.generateRandom(Methods.java:278)
	at Testcases.Methods.generateRandom(Methods.java:278)
	at Testcases.Methods.generateRandom(Methods.java:278)
	at Testcases.Methods.generateRandom(Methods.java:278)
	at Testcases.Methods.generateRandom(Methods.java:278)
	at Testcases.Methods.generateRandom(Methods.java:278)
	at Testcases.Methods.generateRandom(Methods.java:278)
	at Testcases.Methods.generateRandom(Methods.java:278)
	at Testcases.Methods.generateRandom(Methods.java:278)
	at Testcases.Methods.generateRandom(Methods.java:278)
	at Testcases.Methods.generateRandom(Methods.java:278)
	at Testcases.Methods.generateRandom(Methods.java:278)
	at Testcases.Methods.generateRandom(Methods.java:278)
	at Testcases.Methods.generateRandom(Methods.java:278)
	at Testcases.Methods.generateRandom(Methods.java:278)
	at Testcases.Methods.generateRandom(Methods.java:278)
	at Testcases.Methods.generateRandom(Methods.java:278)
	at Testcases.Methods.generateRandom(Methods.java:278)
	at Testcases.Methods.generateRandom(Methods.java:278)
	at Testcases.Methods.generateRandom(Methods.java:278)
	at Testcases.Methods.generateRandom(Methods.java:278)
	at Testcases.Methods.generateRandom(Methods.java:278)
	at Testcases.Methods.generateRandom(Methods.java:278)
	at Testcases.Methods.generateRandom(Methods.java:278)
	at Testcases.Methods.generateRandom(Methods.java:278)
	at Testcases.Methods.generateRandom(Methods.java:278)
	at Testcases.Methods.generateRandom(Methods.java:278)
	at Testcases.Methods.generateRandom(Methods.java:278)
	at Testcases.Methods.generateRandom(Methods.java:278)
	at Testcases.Methods.generateRandom(Methods.java:278)
	at Testcases.Methods.generateRandom(Methods.java:278)
	at Testcases.Methods.generateRandom(Methods.java:278)
	at Testcases.Methods.generateRandom(Methods.java:278)
	at Testcases.Methods.generateRandom(Methods.java:278)
	at Testcases.Methods.generateRandom(Methods.java:278)
	at Testcases.Methods.generateRandom(Methods.java:278)
	at Testcases.Methods.generateRandom(Methods.java:278)
	at Testcases.Methods.generateRandom(Methods.java:278)
	at Testcases.Methods.generateRandom(Methods.java:278)
	at Testcases.Methods.generateRandom(Methods.java:278)
	at Testcases.Methods.generateRandom(Methods.java:278)
	at Testcases.Methods.generateRandom(Methods.java:278)
	at Testcases.Methods.generateRandom(Methods.java:278)
	at Testcases.Methods.generateRandom(Methods.java:278)
	at Testcases.Methods.generateRandom(Methods.java:278)
	at Testcases.Methods.generateRandom(Methods.java:278)
	at Testcases.Methods.generateRandom(Methods.java:278)
	at Testcases.Methods.generateRandom(Methods.java:278)
	at Testcases.Methods.generateRandom(Methods.java:278)
	at Testcases.Methods.generateRandom(Methods.java:278)
	at Testcases.Methods.generateRandom(Methods.java:278)
	at Testcases.Methods.generateRandom(Methods.java:278)
	at Testcases.Methods.generateRandom(Methods.java:278)
	at Testcases.Methods.generateRandom(Methods.java:278)
	at Testcases.Methods.generateRandom(Methods.java:278)
	at Testcases.Methods.generateRandom(Methods.java:278)
	at Testcases.Methods.generateRandom(Methods.java:278)
	at Testcases.Methods.generateRandom(Methods.java:278)
	at Testcases.Methods.generateRandom(Methods.java:278)
	at Testcases.Methods.generateRandom(Methods.java:278)
	at Testcases.Methods.generateRandom(Methods.java:278)
	at Testcases.Methods.generateRandom(Methods.java:278)
	at Testcases.Methods.generateRandom(Methods.java:278)
	at Testcases.Methods.generateRandom(Methods.java:278)
	at Testcases.Methods.generateRandom(Methods.java:278)
	at Testcases.Methods.generateRandom(Methods.java:278)
	at Testcases.Methods.generateRandom(Methods.java:278)
	at Testcases.Methods.generateRandom(Methods.java:278)
	at Testcases.Methods.generateRandom(Methods.java:278)
	at Testcases.Methods.generateRandom(Methods.java:278)
	at Testcases.Methods.generateRandom(Methods.java:278)
	at Testcases.Methods.generateRandom(Methods.java:278)
	at Testcases.Methods.generateRandom(Methods.java:278)
	at Testcases.Methods.generateRandom(Methods.java:278)
	at Testcases.Methods.generateRandom(Methods.java:278)
	at Testcases.Methods.generateRandom(Methods.java:278)
	at Testcases.Methods.generateRandom(Methods.java:278)
	at Testcases.Methods.generateRandom(Methods.java:278)
	at Testcases.Methods.generateRandom(Methods.java:278)
	at Testcases.Methods.generateRandom(Methods.java:278)
	at Testcases.Methods.generateRandom(Methods.java:278)
	at Testcases.Methods.generateRandom(Methods.java:278)
	at Testcases.Methods.generateRandom(Methods.java:278)
	at Testcases.Methods.generateRandom(Methods.java:278)
	at Testcases.Methods.generateRandom(Methods.java:278)
	at Testcases.Methods.generateRandom(Methods.java:278)
	at Testcases.Methods.generateRandom(Methods.java:278)
	at Testcases.Methods.generateRandom(Methods.java:278)
	at Testcases.Methods.generateRandom(Methods.java:278)
	at Testcases.Methods.generateRandom(Methods.java:278)
	at Testcases.Methods.generateRandom(Methods.java:278)
	at Testcases.Methods.generateRandom(Methods.java:278)
	at Testcases.Methods.generateRandom(Methods.java:278)
	at Testcases.Methods.generateRandom(Methods.java:278)
	at Testcases.Methods.generateRandom(Methods.java:278)
	at Testcases.Methods.generateRandom(Methods.java:278)
	at Testcases.Methods.generateRandom(Methods.java:278)
	at Testcases.Methods.generateRandom(Methods.java:278)
	at Testcases.Methods.generateRandom(Methods.java:278)
	at Testcases.Methods.generateRandom(Methods.java:278)
	at Testcases.Methods.generateRandom(Methods.java:278)
	at Testcases.Methods.generateRandom(Methods.java:278)
	at Testcases.Methods.generateRandom(Methods.java:278)
	at Testcases.Methods.generateRandom(Methods.java:278)
	at Testcases.Methods.generateRandom(Methods.java:278)
	at Testcases.Methods.generateRandom(Methods.java:278)
	at Testcases.Methods.generateRandom(Methods.java:278)
	at Testcases.Methods.generateRandom(Methods.java:278)
	at Testcases.Methods.generateRandom(Methods.java:278)
	at Testcases.Methods.generateRandom(Methods.java:278)
	at Testcases.Methods.generateRandom(Methods.java:278)
	at Testcases.Methods.generateRandom(Methods.java:278)
	at Testcases.Methods.generateRandom(Methods.java:278)
	at Testcases.Methods.generateRandom(Methods.java:278)
	at Testcases.Methods.generateRandom(Methods.java:278)
	at Testcases.Methods.generateRandom(Methods.java:278)
	at Testcases.Methods.generateRandom(Methods.java:278)
	at Testcases.Methods.generateRandom(Methods.java:278)
	at Testcases.Methods.generateRandom(Methods.java:278)
	at Testcases.Methods.generateRandom(Methods.java:278)
	at Testcases.Methods.generateRandom(Methods.java:278)
	at Testcases.Methods.generateRandom(Methods.java:278)
	at Testcases.Methods.generateRandom(Methods.java:278)
	at Testcases.Methods.generateRandom(Methods.java:278)
	at Testcases.Methods.generateRandom(Methods.java:278)
	at Testcases.Methods.generateRandom(Methods.java:278)
	at Testcases.Methods.generateRandom(Methods.java:278)
	at Testcases.Methods.generateRandom(Methods.java:278)
	at Testcases.Methods.generateRandom(Methods.java:278)
	at Testcases.Methods.generateRandom(Methods.java:278)
	at Testcases.Methods.generateRandom(Methods.java:278)
	at Testcases.Methods.generateRandom(Methods.java:278)
	at Testcases.Methods.generateRandom(Methods.java:278)
	at Testcases.Methods.generateRandom(Methods.java:278)
	at Testcases.Methods.generateRandom(Methods.java:278)
	at Testcases.Methods.generateRandom(Methods.java:278)
	at Testcases.Methods.generateRandom(Methods.java:278)
	at Testcases.Methods.generateRandom(Methods.java:278)
	at Testcases.Methods.generateRandom(Methods.java:278)
	at Testcases.Methods.generateRandom(Methods.java:278)
	at Testcases.Methods.generateRandom(Methods.java:278)
	at Testcases.Methods.generateRandom(Methods.java:278)
	at Testcases.Methods.generateRandom(Methods.java:278)
	at Testcases.Methods.generateRandom(Methods.java:278)
	at Testcases.Methods.generateRandom(Methods.java:278)
	at Testcases.Methods.generateRandom(Methods.java:278)
	at Testcases.Methods.generateRandom(Methods.java:278)
	at Testcases.Methods.generateRandom(Methods.java:278)
	at Testcases.Methods.generateRandom(Methods.java:278)
	at Testcases.Methods.generateRandom(Methods.java:278)
	at Testcases.Methods.generateRandom(Methods.java:278)
	at Testcases.Methods.generateRandom(Methods.java:278)
	at Testcases.Methods.generateRandom(Methods.java:278)
	at Testcases.Methods.generateRandom(Methods.java:278)
	at Testcases.Methods.generateRandom(Methods.java:278)
	at Testcases.Methods.generateRandom(Methods.java:278)
	at Testcases.Methods.generateRandom(Methods.java:278)
	at Testcases.Methods.generateRandom(Methods.java:278)
	at Testcases.Methods.generateRandom(Methods.java:278)
	at Testcases.Methods.generateRandom(Methods.java:278)
	at Testcases.Methods.generateRandom(Methods.java:278)
	at Testcases.Methods.generateRandom(Methods.java:278)
	at Testcases.Methods.generateRandom(Methods.java:278)
	at Testcases.Methods.generateRandom(Methods.java:278)
	at Testcases.Methods.generateRandom(Methods.java:278)
	at Testcases.Methods.generateRandom(Methods.java:278)
	at Testcases.Methods.generateRandom(Methods.java:278)
	at Testcases.Methods.generateRandom(Methods.java:278)
	at Testcases.Methods.generateRandom(Methods.java:278)
	at Testcases.Methods.generateRandom(Methods.java:278)
	at Testcases.Methods.generateRandom(Methods.java:278)
	at Testcases.Methods.generateRandom(Methods.java:278)
	at Testcases.Methods.generateRandom(Methods.java:278)
	at Testcases.Methods.generateRandom(Methods.java:278)
	at Testcases.Methods.generateRandom(Methods.java:278)
	at Testcases.Methods.generateRandom(Methods.java:278)
	at Testcases.Methods.generateRandom(Methods.java:278)
	at Testcases.Methods.generateRandom(Methods.java:278)
	at Testcases.Methods.generateRandom(Methods.java:278)
	at Testcases.Methods.generateRandom(Methods.java:278)
	at Testcases.Methods.generateRandom(Methods.java:278)
	at Testcases.Methods.generateRandom(Methods.java:278)
	at Testcases.Methods.generateRandom(Methods.java:278)
	at Testcases.Methods.generateRandom(Methods.java:278)
	at Testcases.Methods.generateRandom(Methods.java:278)
	at Testcases.Methods.generateRandom(Methods.java:278)
	at Testcases.Methods.generateRandom(Methods.java:278)
	at Testcases.Methods.generateRandom(Methods.java:278)
	at Testcases.Methods.generateRandom(Methods.java:278)
	at Testcases.Methods.generateRandom(Methods.java:278)
	at Testcases.Methods.generateRandom(Methods.java:278)
	at Testcases.Methods.generateRandom(Methods.java:278)
	at Testcases.Methods.generateRandom(Methods.java:278)
	at Testcases.Methods.generateRandom(Methods.java:278)
	at Testcases.Methods.generateRandom(Methods.java:278)
	at Testcases.Methods.generateRandom(Methods.java:278)
	at Testcases.Methods.generateRandom(Methods.java:278)
	at Testcases.Methods.generateRandom(Methods.java:278)
	at Testcases.Methods.generateRandom(Methods.java:278)
	at Testcases.Methods.generateRandom(Methods.java:278)
	at Testcases.Methods.generateRandom(Methods.java:278)
	at Testcases.Methods.generateRandom(Methods.java:278)
	at Testcases.Methods.generateRandom(Methods.java:278)
	at Testcases.Methods.generateRandom(Methods.java:278)
	at Testcases.Methods.generateRandom(Methods.java:278)
	at Testcases.Methods.generateRandom(Methods.java:278)
	at Testcases.Methods.generateRandom(Methods.java:278)
	at Testcases.Methods.generateRandom(Methods.java:278)
	at Testcases.Methods.generateRandom(Methods.java:278)
	at Testcases.Methods.generateRandom(Methods.java:278)
	at Testcases.Methods.generateRandom(Methods.java:278)
	at Testcases.Methods.generateRandom(Methods.java:278)
	at Testcases.Methods.generateRandom(Methods.java:278)
	at Testcases.Methods.generateRandom(Methods.java:278)
	at Testcases.Methods.generateRandom(Methods.java:278)
	at Testcases.Methods.generateRandom(Methods.java:278)
	at Testcases.Methods.generateRandom(Methods.java:278)
	at Testcases.Methods.generateRandom(Methods.java:278)
	at Testcases.Methods.generateRandom(Methods.java:278)
	at Testcases.Methods.generateRandom(Methods.java:278)
	at Testcases.Methods.generateRandom(Methods.java:278)
	at Testcases.Methods.generateRandom(Methods.java:278)
	at Testcases.Methods.generateRandom(Methods.java:278)
	at Testcases.Methods.generateRandom(Methods.java:278)
	at Testcases.Methods.generateRandom(Methods.java:278)
	at Testcases.Methods.generateRandom(Methods.java:278)
	at Testcases.Methods.generateRandom(Methods.java:278)
	at Testcases.Methods.generateRandom(Methods.java:278)
	at Testcases.Methods.generateRandom(Methods.java:278)
	at Testcases.Methods.generateRandom(Methods.java:278)
	at Testcases.Methods.generateRandom(Methods.java:278)
	at Testcases.Methods.generateRandom(Methods.java:278)
	at Testcases.Methods.generateRandom(Methods.java:278)
	at Testcases.Methods.generateRandom(Methods.java:278)
	at Testcases.Methods.generateRandom(Methods.java:278)
	at Testcases.Methods.generateRandom(Methods.java:278)
	at Testcases.Methods.generateRandom(Methods.java:278)
	at Testcases.Methods.generateRandom(Methods.java:278)
	at Testcases.Methods.generateRandom(Methods.java:278)
	at Testcases.Methods.generateRandom(Methods.java:278)
	at Testcases.Methods.generateRandom(Methods.java:278)
	at Testcases.Methods.generateRandom(Methods.java:278)
	at Testcases.Methods.generateRandom(Methods.java:278)
	at Testcases.Methods.generateRandom(Methods.java:278)
	at Testcases.Methods.generateRandom(Methods.java:278)
	at Testcases.Methods.generateRandom(Methods.java:278)
	at Testcases.Methods.generateRandom(Methods.java:278)
	at Testcases.Methods.generateRandom(Methods.java:278)
	at Testcases.Methods.generateRandom(Methods.java:278)
	at Testcases.Methods.generateRandom(Methods.java:278)
	at Testcases.Methods.generateRandom(Methods.java:278)
	at Testcases.Methods.generateRandom(Methods.java:278)
	at Testcases.Methods.generateRandom(Methods.java:278)
	at Testcases.Methods.generateRandom(Methods.java:278)
	at Testcases.Methods.generateRandom(Methods.java:278)
	at Testcases.Methods.generateRandom(Methods.java:278)
	at Testcases.Methods.generateRandom(Methods.java:278)
	at Testcases.Methods.generateRandom(Methods.java:278)
	at Testcases.Methods.generateRandom(Methods.java:278)
	at Testcases.Methods.generateRandom(Methods.java:278)
	at Testcases.Methods.generateRandom(Methods.java:278)
	at Testcases.Methods.generateRandom(Methods.java:278)
	at Testcases.Methods.generateRandom(Methods.java:278)
	at Testcases.Methods.generateRandom(Methods.java:278)
	at Testcases.Methods.generateRandom(Methods.java:278)
	at Testcases.Methods.generateRandom(Methods.java:278)
	at Testcases.Methods.generateRandom(Methods.java:278)
	at Testcases.Methods.generateRandom(Methods.java:278)
	at Testcases.Methods.generateRandom(Methods.java:278)
	at Testcases.Methods.generateRandom(Methods.java:278)
	at Testcases.Methods.generateRandom(Methods.java:278)
	at Testcases.Methods.generateRandom(Methods.java:278)
	at Testcases.Methods.generateRandom(Methods.java:278)
	at Testcases.Methods.generateRandom(Methods.java:278)
	at Testcases.Methods.generateRandom(Methods.java:278)
	at Testcases.Methods.generateRandom(Methods.java:278)
	at Testcases.Methods.generateRandom(Methods.java:278)
	at Testcases.Methods.generateRandom(Methods.java:278)
	at Testcases.Methods.generateRandom(Methods.java:278)
	at Testcases.Methods.generateRandom(Methods.java:278)
	at Testcases.Methods.generateRandom(Methods.java:278)
	at Testcases.Methods.generateRandom(Methods.java:278)
	at Testcases.Methods.generateRandom(Methods.java:278)
	at Testcases.Methods.generateRandom(Methods.java:278)
	at Testcases.Methods.generateRandom(Methods.java:278)
	at Testcases.Methods.generateRandom(Methods.java:278)
	at Testcases.Methods.generateRandom(Methods.java:278)
	at Testcases.Methods.generateRandom(Methods.java:278)
	at Testcases.Methods.generateRandom(Methods.java:278)
	at Testcases.Methods.generateRandom(Methods.java:278)
	at Testcases.Methods.generateRandom(Methods.java:278)
	at Testcases.Methods.generateRandom(Methods.java:278)
	at Testcases.Methods.generateRandom(Methods.java:278)
	at Testcases.Methods.generateRandom(Methods.java:278)
	at Testcases.Methods.generateRandom(Methods.java:278)
	at Testcases.Methods.generateRandom(Methods.java:278)
	at Testcases.Methods.generateRandom(Methods.java:278)
	at Testcases.Methods.generateRandom(Methods.java:278)
	at Testcases.Methods.generateRandom(Methods.java:278)
	at Testcases.Methods.generateRandom(Methods.java:278)
	at Testcases.Methods.generateRandom(Methods.java:278)
	at Testcases.Methods.generateRandom(Methods.java:278)
	at Testcases.Methods.generateRandom(Methods.java:278)
	at Testcases.Methods.generateRandom(Methods.java:278)
	at Testcases.Methods.generateRandom(Methods.java:278)
	at Testcases.Methods.generateRandom(Methods.java:278)
	at Testcases.Methods.generateRandom(Methods.java:278)
	at Testcases.Methods.generateRandom(Methods.java:278)
	at Testcases.Methods.generateRandom(Methods.java:278)
	at Testcases.Methods.generateRandom(Methods.java:278)
	at Testcases.Methods.generateRandom(Methods.java:278)
	at Testcases.Methods.generateRandom(Methods.java:278)
	at Testcases.Methods.generateRandom(Methods.java:278)
	at Testcases.Methods.generateRandom(Methods.java:278)
	at Testcases.Methods.generateRandom(Methods.java:278)
	at Testcases.Methods.generateRandom(Methods.java:278)
	at Testcases.Methods.generateRandom(Methods.java:278)
	at Testcases.Methods.generateRandom(Methods.java:278)
	at Testcases.Methods.generateRandom(Methods.java:278)
	at Testcases.Methods.generateRandom(Methods.java:278)
	at Testcases.Methods.generateRandom(Methods.java:278)
	at Testcases.Methods.generateRandom(Methods.java:278)
	at Testcases.Methods.generateRandom(Methods.java:278)
	at Testcases.Methods.generateRandom(Methods.java:278)
	at Testcases.Methods.generateRandom(Methods.java:278)
	at Testcases.Methods.generateRandom(Methods.java:278)
	at Testcases.Methods.generateRandom(Methods.java:278)
	at Testcases.Methods.generateRandom(Methods.java:278)
	at Testcases.Methods.generateRandom(Methods.java:278)
	at Testcases.Methods.generateRandom(Methods.java:278)
	at Testcases.Methods.generateRandom(Methods.java:278)
	at Testcases.Methods.generateRandom(Methods.java:278)
	at Testcases.Methods.generateRandom(Methods.java:278)
	at Testcases.Methods.generateRandom(Methods.java:278)
	at Testcases.Methods.generateRandom(Methods.java:278)
	at Testcases.Methods.generateRandom(Methods.java:278)
	at Testcases.Methods.generateRandom(Methods.java:278)
	at Testcases.Methods.generateRandom(Methods.java:278)
	at Testcases.Methods.generateRandom(Methods.java:278)
	at Testcases.Methods.generateRandom(Methods.java:278)
	at Testcases.Methods.generateRandom(Methods.java:278)
	at Testcases.Methods.generateRandom(Methods.java:278)
	at Testcases.Methods.generateRandom(Methods.java:278)
	at Testcases.Methods.generateRandom(Methods.java:278)
	at Testcases.Methods.generateRandom(Methods.java:278)
	at Testcases.Methods.generateRandom(Methods.java:278)
	at Testcases.Methods.generateRandom(Methods.java:278)
	at Testcases.Methods.generateRandom(Methods.java:278)
	at Testcases.Methods.generateRandom(Methods.java:278)
	at Testcases.Methods.generateRandom(Methods.java:278)
	at Testcases.Methods.generateRandom(Methods.java:278)
	at Testcases.Methods.generateRandom(Methods.java:278)
	at Testcases.Methods.generateRandom(Methods.java:278)
	at Testcases.Methods.generateRandom(Methods.java:278)
	at Testcases.Methods.generateRandom(Methods.java:278)
	at Testcases.Methods.generateRandom(Methods.java:278)
	at Testcases.Methods.generateRandom(Methods.java:278)
	at Testcases.Methods.generateRandom(Methods.java:278)
	at Testcases.Methods.generateRandom(Methods.java:278)
	at Testcases.Methods.generateRandom(Methods.java:278)
	at Testcases.Methods.generateRandom(Methods.java:278)
	at Testcases.Methods.generateRandom(Methods.java:278)
	at Testcases.Methods.generateRandom(Methods.java:278)
	at Testcases.Methods.generateRandom(Methods.java:278)
	at Testcases.Methods.generateRandom(Methods.java:278)
	at Testcases.Methods.generateRandom(Methods.java:278)
	at Testcases.Methods.generateRandom(Methods.java:278)
	at Testcases.Methods.generateRandom(Methods.java:278)
	at Testcases.Methods.generateRandom(Methods.java:278)
	at Testcases.Methods.generateRandom(Methods.java:278)
	at Testcases.Methods.generateRandom(Methods.java:278)
	at Testcases.Methods.generateRandom(Methods.java:278)
	at Testcases.Methods.generateRandom(Methods.java:278)
	at Testcases.Methods.generateRandom(Methods.java:278)
	at Testcases.Methods.generateRandom(Methods.java:278)
	at Testcases.Methods.generateRandom(Methods.java:278)
	at Testcases.Methods.generateRandom(Methods.java:278)
	at Testcases.Methods.generateRandom(Methods.java:278)
	at Testcases.Methods.generateRandom(Methods.java:278)
	at Testcases.Methods.generateRandom(Methods.java:278)
	at Testcases.Methods.generateRandom(Methods.java:278)
	at Testcases.Methods.generateRandom(Methods.java:278)
	at Testcases.Methods.generateRandom(Methods.java:278)
	at Testcases.Methods.generateRandom(Methods.java:278)
	at Testcases.Methods.generateRandom(Methods.java:278)
	at Testcases.Methods.generateRandom(Methods.java:278)
	at Testcases.Methods.generateRandom(Methods.java:278)
	at Testcases.Methods.generateRandom(Methods.java:278)
	at Testcases.Methods.generateRandom(Methods.java:278)
	at Testcases.Methods.generateRandom(Methods.java:278)
	at Testcases.Methods.generateRandom(Methods.java:278)
	at Testcases.Methods.generateRandom(Methods.java:278)
	at Testcases.Methods.generateRandom(Methods.java:278)
	at Testcases.Methods.generateRandom(Methods.java:278)
	at Testcases.Methods.generateRandom(Methods.java:278)
	at Testcases.Methods.generateRandom(Methods.java:278)
	at Testcases.Methods.generateRandom(Methods.java:278)
	at Testcases.Methods.generateRandom(Methods.java:278)
	at Testcases.Methods.generateRandom(Methods.java:278)
	at Testcases.Methods.generateRandom(Methods.java:278)
	at Testcases.Methods.generateRandom(Methods.java:278)
	at Testcases.Methods.generateRandom(Methods.java:278)
	at Testcases.Methods.generateRandom(Methods.java:278)
	at Testcases.Methods.generateRandom(Methods.java:278)
	at Testcases.Methods.generateRandom(Methods.java:278)
	at Testcases.Methods.generateRandom(Methods.java:278)
	at Testcases.Methods.generateRandom(Methods.java:278)
	at Testcases.Methods.generateRandom(Methods.java:278)
	at Testcases.Methods.generateRandom(Methods.java:278)
	at Testcases.Methods.generateRandom(Methods.java:278)
	at Testcases.Methods.generateRandom(Methods.java:278)
	at Testcases.Methods.generateRandom(Methods.java:278)
	at Testcases.Methods.generateRandom(Methods.java:278)
	at Testcases.Methods.generateRandom(Methods.java:278)
	at Testcases.Methods.generateRandom(Methods.java:278)
	at Testcases.Methods.generateRandom(Methods.java:278)
	at Testcases.Methods.generateRandom(Methods.java:278)
	at Testcases.Methods.generateRandom(Methods.java:278)
	at Testcases.Methods.generateRandom(Methods.java:278)
	at Testcases.Methods.generateRandom(Methods.java:278)
	at Testcases.Methods.generateRandom(Methods.java:278)
	at Testcases.Methods.generateRandom(Methods.java:278)
	at Testcases.Methods.generateRandom(Methods.java:278)
	at Testcases.Methods.generateRandom(Methods.java:278)
	at Testcases.Methods.generateRandom(Methods.java:278)
	at Testcases.Methods.generateRandom(Methods.java:278)
	at Testcases.Methods.generateRandom(Methods.java:278)
	at Testcases.Methods.generateRandom(Methods.java:278)
	at Testcases.Methods.generateRandom(Methods.java:278)
	at Testcases.Methods.generateRandom(Methods.java:278)
	at Testcases.Methods.generateRandom(Methods.java:278)
	at Testcases.Methods.generateRandom(Methods.java:278)
	at Testcases.Methods.generateRandom(Methods.java:278)
	at Testcases.Methods.generateRandom(Methods.java:278)
	at Testcases.Methods.generateRandom(Methods.java:278)
	at Testcases.Methods.generateRandom(Methods.java:278)
	at Testcases.Methods.generateRandom(Methods.java:278)
	at Testcases.Methods.generateRandom(Methods.java:278)
	at Testcases.Methods.generateRandom(Methods.java:278)
	at Testcases.Methods.generateRandom(Methods.java:278)
	at Testcases.Methods.generateRandom(Methods.java:278)
	at Testcases.Methods.generateRandom(Methods.java:278)
	at Testcases.Methods.generateRandom(Methods.java:278)
	at Testcases.Methods.generateRandom(Methods.java:278)
	at Testcases.Methods.generateRandom(Methods.java:278)
	at Testcases.Methods.generateRandom(Methods.java:278)
	at Testcases.Methods.generateRandom(Methods.java:278)
	at Testcases.Methods.generateRandom(Methods.java:278)
	at Testcases.Methods.generateRandom(Methods.java:278)
	at Testcases.Methods.generateRandom(Methods.java:278)
	at Testcases.Methods.generateRandom(Methods.java:278)
	at Testcases.Methods.generateRandom(Methods.java:278)
	at Testcases.Methods.generateRandom(Methods.java:278)
	at Testcases.Methods.generateRandom(Methods.java:278)
	at Testcases.Methods.generateRandom(Methods.java:278)
	at Testcases.Methods.generateRandom(Methods.java:278)
	at Testcases.Methods.generateRandom(Methods.java:278)
	at Testcases.Methods.generateRandom(Methods.java:278)
	at Testcases.Methods.generateRandom(Methods.java:278)
	at Testcases.Methods.generateRandom(Methods.java:278)
	at Testcases.Methods.generateRandom(Methods.java:278)
	at Testcases.Methods.generateRandom(Methods.java:278)
	at Testcases.Methods.generateRandom(Methods.java:278)
	at Testcases.Methods.generateRandom(Methods.java:278)
	at Testcases.Methods.generateRandom(Methods.java:278)
	at Testcases.Methods.generateRandom(Methods.java:278)
	at Testcases.Methods.generateRandom(Methods.java:278)
	at Testcases.Methods.generateRandom(Methods.java:278)
	at Testcases.Methods.generateRandom(Methods.java:278)
	at Testcases.Methods.generateRandom(Methods.java:278)
	at Testcases.Methods.generateRandom(Methods.java:278)
	at Testcases.Methods.generateRandom(Methods.java:278)
	at Testcases.Methods.generateRandom(Methods.java:278)
	at Testcases.Methods.generateRandom(Methods.java:278)
	at Testcases.Methods.generateRandom(Methods.java:278)
	at Testcases.Methods.generateRandom(Methods.java:278)
	at Testcases.Methods.generateRandom(Methods.java:278)
	at Testcases.Methods.generateRandom(Methods.java:278)
	at Testcases.Methods.generateRandom(Methods.java:278)
	at Testcases.Methods.generateRandom(Methods.java:278)
	at Testcases.Methods.generateRandom(Methods.java:278)
	at Testcases.Methods.generateRandom(Methods.java:278)
	at Testcases.Methods.generateRandom(Methods.java:278)
	at Testcases.Methods.generateRandom(Methods.java:278)
	at Testcases.Methods.generateRandom(Methods.java:278)
	at Testcases.Methods.generateRandom(Methods.java:278)
	at Testcases.Methods.generateRandom(Methods.java:278)
	at Testcases.Methods.generateRandom(Methods.java:278)
	at Testcases.Methods.generateRandom(Methods.java:278)
	at Testcases.Methods.generateRandom(Methods.java:278)
	at Testcases.Methods.generateRandom(Methods.java:278)
	at Testcases.Methods.generateRandom(Methods.java:278)
	at Testcases.Methods.generateRandom(Methods.java:278)
	at Testcases.Methods.generateRandom(Methods.java:278)
	at Testcases.Methods.generateRandom(Methods.java:278)
	at Testcases.Methods.generateRandom(Methods.java:278)
	at Testcases.Methods.generateRandom(Methods.java:278)
	at Testcases.Methods.generateRandom(Methods.java:278)
	at Testcases.Methods.generateRandom(Methods.java:278)
	at Testcases.Methods.generateRandom(Methods.java:278)
	at Testcases.Methods.generateRandom(Methods.java:278)
	at Testcases.Methods.generateRandom(Methods.java:278)
	at Testcases.Methods.generateRandom(Methods.java:278)
	at Testcases.Methods.generateRandom(Methods.java:278)
	at Testcases.Methods.generateRandom(Methods.java:278)
	at Testcases.Methods.generateRandom(Methods.java:278)
	at Testcases.Methods.generateRandom(Methods.java:278)
	at Testcases.Methods.generateRandom(Methods.java:278)
	at Testcases.Methods.generateRandom(Methods.java:278)
	at Testcases.Methods.generateRandom(Methods.java:278)
	at Testcases.Methods.generateRandom(Methods.java:278)
	at Testcases.Methods.generateRandom(Methods.java:278)
	at Testcases.Methods.generateRandom(Methods.java:278)
	at Testcases.Methods.generateRandom(Methods.java:278)
	at Testcases.Methods.generateRandom(Methods.java:278)
	at Testcases.Methods.generateRandom(Methods.java:278)
	at Testcases.Methods.generateRandom(Methods.java:278)
	at Testcases.Methods.generateRandom(Methods.java:278)
	at Testcases.Methods.generateRandom(Methods.java:278)
	at Testcases.Methods.generateRandom(Methods.java:278)
	at Testcases.Methods.generateRandom(Methods.java:278)
	at Testcases.Methods.generateRandom(Methods.java:278)
	at Testcases.Methods.generateRandom(Methods.java:278)
	at Testcases.Methods.generateRandom(Methods.java:278)
	at Testcases.Methods.generateRandom(Methods.java:278)
	at Testcases.Methods.generateRandom(Methods.java:278)
	at Testcases.Methods.generateRandom(Methods.java:278)
	at Testcases.Methods.generateRandom(Methods.java:278)
	at Testcases.Methods.generateRandom(Methods.java:278)
	at Testcases.Methods.generateRandom(Methods.java:278)
	at Testcases.Methods.generateRandom(Methods.java:278)
	at Testcases.Methods.generateRandom(Methods.java:278)
	at Testcases.Methods.generateRandom(Methods.java:278)
	at Testcases.Methods.generateRandom(Methods.java:278)
	at Testcases.Methods.generateRandom(Methods.java:278)
	at Testcases.Methods.generateRandom(Methods.java:278)
	at Testcases.Methods.generateRandom(Methods.java:278)
	at Testcases.Methods.generateRandom(Methods.java:278)
	at Testcases.Methods.generateRandom(Methods.java:278)
	at Testcases.Methods.generateRandom(Methods.java:278)
	at Testcases.Methods.generateRandom(Methods.java:278)
	at Testcases.Methods.generateRandom(Methods.java:278)
	at Testcases.Methods.generateRandom(Methods.java:278)
	at Testcases.Methods.generateRandom(Methods.java:278)
	at Testcases.Methods.generateRandom(Methods.java:278)
	at Testcases.Methods.generateRandom(Methods.java:278)
	at Testcases.Methods.generateRandom(Methods.java:278)
	at Testcases.Methods.generateRandom(Methods.java:278)
	at Testcases.Methods.generateRandom(Methods.java:278)
	at Testcases.Methods.generateRandom(Methods.java:278)
	at Testcases.Methods.generateRandom(Methods.java:278)
	at Testcases.Methods.generateRandom(Methods.java:278)
	at Testcases.Methods.generateRandom(Methods.java:278)
	at Testcases.Methods.generateRandom(Methods.java:278)
	at Testcases.Methods.generateRandom(Methods.java:278)
	at Testcases.Methods.generateRandom(Methods.java:278)
	at Testcases.Methods.generateRandom(Methods.java:278)
	at Testcases.Methods.generateRandom(Methods.java:278)
	at Testcases.Methods.generateRandom(Methods.java:278)
	at Testcases.Methods.generateRandom(Methods.java:278)
	at Testcases.Methods.generateRandom(Methods.java:278)
	at Testcases.Methods.generateRandom(Methods.java:278)
	at Testcases.Methods.generateRandom(Methods.java:278)
	at Testcases.Methods.generateRandom(Methods.java:278)
	at Testcases.Methods.generateRandom(Methods.java:278)
	at Testcases.Methods.generateRandom(Methods.java:278)
	at Testcases.Methods.generateRandom(Methods.java:278)
	at Testcases.Methods.generateRandom(Methods.java:278)
	at Testcases.Methods.generateRandom(Methods.java:278)
	at Testcases.Methods.generateRandom(Methods.java:278)
	at Testcases.Methods.generateRandom(Methods.java:278)
	at Testcases.Methods.generateRandom(Methods.java:278)
	at Testcases.Methods.generateRandom(Methods.java:278)
	at Testcases.Methods.generateRandom(Methods.java:278)
	at Testcases.Methods.generateRandom(Methods.java:278)
	at Testcases.Methods.generateRandom(Methods.java:278)
	at Testcases.Methods.generateRandom(Methods.java:278)
	at Testcases.Methods.generateRandom(Methods.java:278)
	at Testcases.Methods.generateRandom(Methods.java:278)
	at Testcases.Methods.generateRandom(Methods.java:278)
	at Testcases.Methods.generateRandom(Methods.java:278)
	at Testcases.Methods.generateRandom(Methods.java:278)
	at Testcases.Methods.generateRandom(Methods.java:278)
	at Testcases.Methods.generateRandom(Methods.java:278)
	at Testcases.Methods.generateRandom(Methods.java:278)
	at Testcases.Methods.generateRandom(Methods.java:278)
]]>
    </failure>
  </testcase> <!-- main -->
</testsuite> <!-- Default test -->
