<?xml version="1.0" encoding="UTF-8"?>
<!-- Generated by org.testng.reporters.JUnitXMLReporter -->
<testsuite hostname="gnanendra-PC" name="Default test" tests="4" failures="0" timestamp="17 Feb 2018 04:48:49 GMT" time="8.528" errors="0">
  <testcase name="loginpage" time="0.74" classname="Testcases.Dataprovider"/>
  <testcase name="loginpage" time="0.66" classname="Testcases.Dataprovider"/>
  <testcase name="loginpage" time="0.666" classname="Testcases.Dataprovider"/>
  <testcase name="loginpage" time="0.691" classname="Testcases.Dataprovider"/>
</testsuite> <!-- Default test -->
